#
# There is insufficient memory for the Java Runtime Environment to continue.
# Native memory allocation (malloc) failed to allocate 1048576 bytes for AllocateHeap
# Possible reasons:
#   The system is out of physical RAM or swap space
#   The process is running with CompressedOops enabled, and the Java Heap may be blocking the growth of the native heap
# Possible solutions:
#   Reduce memory load on the system
#   Increase physical memory or swap space
#   Check if swap backing store is full
#   Decrease Java heap size (-Xmx/-Xms)
#   Decrease number of Java threads
#   Decrease Java thread stack sizes (-Xss)
#   Set larger code cache with -XX:ReservedCodeCacheSize=
#   JVM is running with Unscaled Compressed Oops mode in which the Java heap is
#     placed in the first 4GB address space. The Java Heap base address is the
#     maximum limit for the native heap growth. Please use -XX:HeapBaseMinAddress
#     to set the Java Heap base and to place the Java Heap above 4GB virtual address.
# This output file may be truncated or incomplete.
#
#  Out of Memory Error (./src/hotspot/share/memory/allocation.cpp:46), pid=24020, tid=24072
#
# JRE version:  (11.0.12+7) (build )
# Java VM: OpenJDK 64-Bit Server VM (11.0.12+7, mixed mode, sharing, tiered, compressed oops, g1 gc, windows-amd64)
# No core dump will be written. Minidumps are not enabled by default on client versions of Windows
#

---------------  S U M M A R Y ------------

Command Line: --add-modules=ALL-DEFAULT jdk.compiler/com.sun.tools.javac.launcher.Main C:\Users\jmferreira\Desktop\PSPRO\PSPRO\src\ejercicio2\LanzaProcesoLento.java

Host: Intel(R) Core(TM) i5-10400 CPU @ 2.90GHz, 12 cores, 7G,  Windows 10 , 64 bit Build 22000 (10.0.22000.708)
Time: Tue Oct 18 13:24:40 2022 Hora de verano romance elapsed time: 0.007863 seconds (0d 0h 0m 0s)

---------------  T H R E A D  ---------------

Current thread (0x0000027ea7a7e000):  JavaThread "Unknown thread" [_thread_in_vm, id=24072, stack(0x000000e778c00000,0x000000e778d00000)]

Stack: [0x000000e778c00000,0x000000e778d00000]
Native frames: (J=compiled Java code, j=interpreted, Vv=VM code, C=native code)
V  [jvm.dll+0x6090fa]
V  [jvm.dll+0x79229e]
V  [jvm.dll+0x79396f]
V  [jvm.dll+0x794033]
V  [jvm.dll+0x24bed8]
V  [jvm.dll+0xb91a4]
V  [jvm.dll+0x2dcb08]
V  [jvm.dll+0x76d617]
V  [jvm.dll+0x76edaf]
V  [jvm.dll+0x35a359]
V  [jvm.dll+0x750710]
V  [jvm.dll+0x3c1f8f]
V  [jvm.dll+0x3c4461]
C  [jli.dll+0x5207]
C  [ucrtbase.dll+0x26c0c]
C  [KERNEL32.DLL+0x154e0]
C  [ntdll.dll+0x485b]


---------------  P R O C E S S  ---------------

Threads class SMR info:
_java_thread_list=0x0000027ea78f2e40, length=0, elements={
}

Java Threads: ( => current thread )

Other Threads:

=>0x0000027ea7a7e000 (exited) JavaThread "Unknown thread" [_thread_in_vm, id=24072, stack(0x000000e778c00000,0x000000e778d00000)]

Threads with active compile tasks:

VM state:not at safepoint (not fully initialized)

VM Mutex/Monitor currently owned by a thread: None


[error occurred during error reporting (printing compressed oops mode), id 0xc0000005, EXCEPTION_ACCESS_VIOLATION (0xc0000005) at pc=0x00007ffdfac8e3f7]

GC Heap History (0 events):
No events

Deoptimization events (0 events):
No events

Classes redefined (0 events):
No events

Internal exceptions (0 events):
No events

Events (1 events):
Event: 0.005 Loaded shared library C:\Program Files\Microsoft\jdk-11.0.12.7-hotspot\bin\zip.dll


Dynamic libraries:
0x00007ff7e5c50000 - 0x00007ff7e5c5d000 	C:\Program Files\Microsoft\jdk-11.0.12.7-hotspot\bin\java.exe
0x00007ffeb0b60000 - 0x00007ffeb0d69000 	C:\WINDOWS\SYSTEM32\ntdll.dll
0x00007ffeafd90000 - 0x00007ffeafe4d000 	C:\WINDOWS\System32\KERNEL32.DLL
0x00007ffeae3e0000 - 0x00007ffeae75b000 	C:\WINDOWS\System32\KERNELBASE.dll
0x00007ffeae760000 - 0x00007ffeae871000 	C:\WINDOWS\System32\ucrtbase.dll
0x00007ffe78fd0000 - 0x00007ffe78fe7000 	C:\Program Files\Microsoft\jdk-11.0.12.7-hotspot\bin\jli.dll
0x00007ffe78fb0000 - 0x00007ffe78fc5000 	C:\Program Files\Microsoft\jdk-11.0.12.7-hotspot\bin\VCRUNTIME140.dll
0x00007ffeaf6d0000 - 0x00007ffeaf87d000 	C:\WINDOWS\System32\USER32.dll
0x00007ffeae330000 - 0x00007ffeae356000 	C:\WINDOWS\System32\win32u.dll
0x00007ffe9c7f0000 - 0x00007ffe9ca95000 	C:\WINDOWS\WinSxS\amd64_microsoft.windows.common-controls_6595b64144ccf1df_6.0.22000.120_none_9d947278b86cc467\COMCTL32.dll
0x00007ffeaed80000 - 0x00007ffeaeda9000 	C:\WINDOWS\System32\GDI32.dll
0x00007ffeafce0000 - 0x00007ffeafd83000 	C:\WINDOWS\System32\msvcrt.dll
0x00007ffeae210000 - 0x00007ffeae328000 	C:\WINDOWS\System32\gdi32full.dll
0x00007ffeae940000 - 0x00007ffeae9dd000 	C:\WINDOWS\System32\msvcp_win.dll
0x00007ffeb04b0000 - 0x00007ffeb04e1000 	C:\WINDOWS\System32\IMM32.DLL
0x00007ffdfb090000 - 0x00007ffdfb12b000 	C:\Program Files\Microsoft\jdk-11.0.12.7-hotspot\bin\msvcp140.dll
0x00007ffdfa520000 - 0x00007ffdfb081000 	C:\Program Files\Microsoft\jdk-11.0.12.7-hotspot\bin\server\jvm.dll
0x00007ffeb0400000 - 0x00007ffeb04ae000 	C:\WINDOWS\System32\ADVAPI32.dll
0x00007ffeb05b0000 - 0x00007ffeb064e000 	C:\WINDOWS\System32\sechost.dll
0x00007ffeb0940000 - 0x00007ffeb0a60000 	C:\WINDOWS\System32\RPCRT4.dll
0x00007ffeaf570000 - 0x00007ffeaf578000 	C:\WINDOWS\System32\PSAPI.DLL
0x00007ffea3e50000 - 0x00007ffea3e83000 	C:\WINDOWS\SYSTEM32\WINMM.dll
0x00007ffe8bf50000 - 0x00007ffe8bf59000 	C:\WINDOWS\SYSTEM32\WSOCK32.dll
0x00007ffea8090000 - 0x00007ffea809a000 	C:\WINDOWS\SYSTEM32\VERSION.dll
0x00007ffeafad0000 - 0x00007ffeafb3f000 	C:\WINDOWS\System32\WS2_32.dll
0x00007ffead070000 - 0x00007ffead088000 	C:\WINDOWS\SYSTEM32\kernel.appcore.dll
0x00007ffe99a70000 - 0x00007ffe99a80000 	C:\Program Files\Microsoft\jdk-11.0.12.7-hotspot\bin\verify.dll
0x00007ffe9ad80000 - 0x00007ffe9afa1000 	C:\WINDOWS\SYSTEM32\DBGHELP.DLL
0x00007ffe9a5e0000 - 0x00007ffe9a611000 	C:\WINDOWS\SYSTEM32\dbgcore.DLL
0x00007ffeae360000 - 0x00007ffeae3df000 	C:\WINDOWS\System32\bcryptPrimitives.dll
0x00007ffe78f60000 - 0x00007ffe78f88000 	C:\Program Files\Microsoft\jdk-11.0.12.7-hotspot\bin\java.dll
0x00007ffe85b40000 - 0x00007ffe85b4a000 	C:\Program Files\Microsoft\jdk-11.0.12.7-hotspot\bin\jimage.dll
0x00007ffe2f9e0000 - 0x00007ffe2f9f7000 	C:\Program Files\Microsoft\jdk-11.0.12.7-hotspot\bin\zip.dll

dbghelp: loaded successfully - version: 4.0.5 - missing functions: none
symbol engine: initialized successfully - sym options: 0x614 - pdb path: .;C:\Program Files\Microsoft\jdk-11.0.12.7-hotspot\bin;C:\WINDOWS\SYSTEM32;C:\WINDOWS\WinSxS\amd64_microsoft.windows.common-controls_6595b64144ccf1df_6.0.22000.120_none_9d947278b86cc467;C:\Program Files\Microsoft\jdk-11.0.12.7-hotspot\bin\server

VM Arguments:
jvm_args: --add-modules=ALL-DEFAULT 
java_command: jdk.compiler/com.sun.tools.javac.launcher.Main C:\Users\jmferreira\Desktop\PSPRO\PSPRO\src\ejercicio2\LanzaProcesoLento.java
java_class_path (initial): .
Launcher Type: SUN_STANDARD

[Global flags]
     intx CICompilerCount                          = 4                                         {product} {ergonomic}
     uint G1ConcRefinementThreads                  = 10                                        {product} {ergonomic}
   size_t G1HeapRegionSize                         = 1048576                                   {product} {ergonomic}
    uintx GCDrainStackTargetSize                   = 64                                        {product} {ergonomic}
   size_t InitialHeapSize                          = 132120576                                 {product} {ergonomic}
   size_t MaxHeapSize                              = 2103443456                                {product} {ergonomic}
   size_t MinHeapDeltaBytes                        = 1048576                                   {product} {ergonomic}
    uintx NonNMethodCodeHeapSize                   = 5836300                                {pd product} {ergonomic}
    uintx NonProfiledCodeHeapSize                  = 122910970                              {pd product} {ergonomic}
    uintx ProfiledCodeHeapSize                     = 122910970                              {pd product} {ergonomic}
    uintx ReservedCodeCacheSize                    = 251658240                              {pd product} {ergonomic}
     bool SegmentedCodeCache                       = true                                      {product} {ergonomic}
     bool UseCompressedClassPointers               = true                                 {lp64_product} {ergonomic}
     bool UseCompressedOops                        = true                                 {lp64_product} {ergonomic}
     bool UseG1GC                                  = true                                      {product} {ergonomic}
     bool UseLargePagesIndividualAllocation        = false                                  {pd product} {ergonomic}

Logging:
Log output configuration:
 #0: stdout all=warning uptime,level,tags
 #1: stderr all=off uptime,level,tags

Environment Variables:
PATH=C:\Program Files\Microsoft\jdk-11.0.12.7-hotspot\bin;C:\Program Files\Microsoft MPI\Bin\;C:\Windows\system32;C:\Windows;C:\Windows\System32\Wbem;C:\Windows\System32\WindowsPowerShell\v1.0\;C:\Windows\System32\OpenSSH\;C:\Program Files\dotnet\;C:\Program Files\Microsoft SQL Server\130\Tools\Binn\;C:\Program Files\Microsoft SQL Server\Client SDK\ODBC\170\Tools\Binn\;C:\Program Files (x86)\Microsoft SQL Server\150\Tools\Binn\;C:\Program Files\Microsoft SQL Server\150\Tools\Binn\;C:\Program Files (x86)\Microsoft SQL Server\150\DTS\Binn\;C:\Program Files\Microsoft SQL Server\150\DTS\Binn\;C:\Program Files\Azure Data Studio\bin;C:\Program Files\nodejs\;C:\ProgramData\chocolatey\bin;;C:\WINDOWS\system32;C:\WINDOWS;C:\WINDOWS\System32\Wbem;C:\WINDOWS\System32\WindowsPowerShell\v1.0\;C:\WINDOWS\System32\OpenSSH\;C:\Users\jmferreira\AppData\Local\Microsoft\WindowsApps;C:\Users\jmferreira\AppData\Local\Programs\Git\cmd;C:\Users\jmferreira\AppData\Local\Programs\Microsoft VS Code\bin
USERNAME=jmferreira
OS=Windows_NT
PROCESSOR_IDENTIFIER=Intel64 Family 6 Model 165 Stepping 3, GenuineIntel



---------------  S Y S T E M  ---------------

OS: Windows 10 , 64 bit Build 22000 (10.0.22000.708)
OS uptime: 4 days 5:29 hours
Hyper-V role detected

CPU:total 12 (initial active 12) (6 cores per cpu, 2 threads per core) family 6 model 165 stepping 3 microcode 0xe0, cmov, cx8, fxsr, mmx, sse, sse2, sse3, ssse3, sse4.1, sse4.2, popcnt, avx, avx2, aes, clmul, erms, 3dnowpref, lzcnt, ht, tsc, tscinvbit, bmi1, bmi2, adx, fma

Memory: 4k page, system-wide physical 8021M (25M free)
TotalPageFile size 32597M (AvailPageFile size 5M)
current process WorkingSet (physical memory assigned to process): 9M, peak: 9M
current process commit charge ("private bytes"): 15M, peak: 16M

vm_info: OpenJDK 64-Bit Server VM (11.0.12+7) for windows-amd64 JRE (11.0.12+7), built on Jul 21 2021 15:41:43 by "" with unknown MS VC++:1916

END.
